SF:/home/rogerio/Projetos/rust/easyhttpmock/easyhttpmock/src/config.rs
FN:43,_RNvMNtCsjnu45o9P2Z5_12easyhttpmock6configINtB2_25EasyHttpMockConfigBuilderNtNtNtB4_5tests6server10TestServerE13server_configB4_
FN:54,_RNvMNtCsjnu45o9P2Z5_12easyhttpmock6configINtB2_25EasyHttpMockConfigBuilderNtNtNtB4_5tests6server10TestServerE5buildB4_
FN:28,_RNvMNtCsjnu45o9P2Z5_12easyhttpmock6configINtB2_25EasyHttpMockConfigBuilderNtNtNtB4_5tests6server10TestServerE8base_urlB4_
FN:112,_RNvMs0_NtCsjnu45o9P2Z5_12easyhttpmock6configINtB5_18EasyHttpMockConfigNtNtNtB7_5tests6server10TestServerE13server_configB7_
FN:92,_RNvMs0_NtCsjnu45o9P2Z5_12easyhttpmock6configINtB5_18EasyHttpMockConfigNtNtNtB7_5tests6server10TestServerE7builderB7_
FN:102,_RNvMs0_NtCsjnu45o9P2Z5_12easyhttpmock6configINtB5_18EasyHttpMockConfigNtNtNtB7_5tests6server10TestServerE8base_urlB7_
FN:76,_RNvXs_NtCsjnu45o9P2Z5_12easyhttpmock6configINtB4_18EasyHttpMockConfigNtNtNtB6_5tests6server10TestServerENtNtCsgEmfK2I1SDS_4core7default7Default7defaultB6_
FNDA:1,_RNvMNtCsjnu45o9P2Z5_12easyhttpmock6configINtB2_25EasyHttpMockConfigBuilderNtNtNtB4_5tests6server10TestServerE13server_configB4_
FNDA:1,_RNvMNtCsjnu45o9P2Z5_12easyhttpmock6configINtB2_25EasyHttpMockConfigBuilderNtNtNtB4_5tests6server10TestServerE5buildB4_
FNDA:1,_RNvMNtCsjnu45o9P2Z5_12easyhttpmock6configINtB2_25EasyHttpMockConfigBuilderNtNtNtB4_5tests6server10TestServerE8base_urlB4_
FNDA:2,_RNvMs0_NtCsjnu45o9P2Z5_12easyhttpmock6configINtB5_18EasyHttpMockConfigNtNtNtB7_5tests6server10TestServerE13server_configB7_
FNDA:1,_RNvMs0_NtCsjnu45o9P2Z5_12easyhttpmock6configINtB5_18EasyHttpMockConfigNtNtNtB7_5tests6server10TestServerE7builderB7_
FNDA:1,_RNvMs0_NtCsjnu45o9P2Z5_12easyhttpmock6configINtB5_18EasyHttpMockConfigNtNtNtB7_5tests6server10TestServerE8base_urlB7_
FNDA:1,_RNvXs_NtCsjnu45o9P2Z5_12easyhttpmock6configINtB4_18EasyHttpMockConfigNtNtNtB6_5tests6server10TestServerENtNtCsgEmfK2I1SDS_4core7default7Default7defaultB6_
FNF:7
FNH:7
DA:28,1
DA:29,1
DA:30,1
DA:31,1
DA:43,1
DA:44,1
DA:45,1
DA:46,1
DA:54,1
DA:55,1
DA:56,1
DA:76,1
DA:77,1
DA:78,1
DA:92,1
DA:93,1
DA:94,1
DA:102,1
DA:103,1
DA:104,1
DA:112,2
DA:113,2
DA:114,2
BRF:0
BRH:0
LF:23
LH:23
end_of_record
SF:/home/rogerio/Projetos/rust/easyhttpmock/easyhttpmock/src/lib.rs
FN:73,_RNvMs0_Csjnu45o9P2Z5_12easyhttpmockINtB5_12EasyHttpMockNtNtNtB5_5tests6server10TestServerE3newB5_
FN:92,_RNvMs0_Csjnu45o9P2Z5_12easyhttpmockINtB5_12EasyHttpMockNtNtNtB5_5tests6server10TestServerE3urlB5_
FN:111,_RNvMs0_Csjnu45o9P2Z5_12easyhttpmockINtB5_12EasyHttpMockNtNtNtB5_5tests6server10TestServerE8base_urlB5_
FN:51,_RNvXCsjnu45o9P2Z5_12easyhttpmockINtB2_12EasyHttpMockNtNtNtB2_5tests6server10TestServerENtNtNtCsgEmfK2I1SDS_4core3ops5deref5Deref5derefB2_
FN:143,_RNCNvMs0_Csjnu45o9P2Z5_12easyhttpmockINtB7_12EasyHttpMockpE13register_mock0B7_
FN:155,_RNCNvMs0_Csjnu45o9P2Z5_12easyhttpmockINtB7_12EasyHttpMockpE4stop0B7_
FN:143,_RNvMs0_Csjnu45o9P2Z5_12easyhttpmockINtB5_12EasyHttpMockpE13register_mockB5_
FN:155,_RNvMs0_Csjnu45o9P2Z5_12easyhttpmockINtB5_12EasyHttpMockpE4stopB5_
FN:57,_RNvXINICsjnu45o9P2Z5_12easyhttpmocks_0pEINtB5_12EasyHttpMockpENtNtNtCsgEmfK2I1SDS_4core3ops5deref8DerefMut9deref_mutB5_
FNDA:2,_RNvMs0_Csjnu45o9P2Z5_12easyhttpmockINtB5_12EasyHttpMockNtNtNtB5_5tests6server10TestServerE3newB5_
FNDA:1,_RNvMs0_Csjnu45o9P2Z5_12easyhttpmockINtB5_12EasyHttpMockNtNtNtB5_5tests6server10TestServerE3urlB5_
FNDA:1,_RNvMs0_Csjnu45o9P2Z5_12easyhttpmockINtB5_12EasyHttpMockNtNtNtB5_5tests6server10TestServerE8base_urlB5_
FNDA:1,_RNvXCsjnu45o9P2Z5_12easyhttpmockINtB2_12EasyHttpMockNtNtNtB2_5tests6server10TestServerENtNtNtCsgEmfK2I1SDS_4core3ops5deref5Deref5derefB2_
FNDA:0,_RNCNvMs0_Csjnu45o9P2Z5_12easyhttpmockINtB7_12EasyHttpMockpE13register_mock0B7_
FNDA:0,_RNCNvMs0_Csjnu45o9P2Z5_12easyhttpmockINtB7_12EasyHttpMockpE4stop0B7_
FNDA:0,_RNvMs0_Csjnu45o9P2Z5_12easyhttpmockINtB5_12EasyHttpMockpE13register_mockB5_
FNDA:0,_RNvMs0_Csjnu45o9P2Z5_12easyhttpmockINtB5_12EasyHttpMockpE4stopB5_
FNDA:0,_RNvXINICsjnu45o9P2Z5_12easyhttpmocks_0pEINtB5_12EasyHttpMockpENtNtNtCsgEmfK2I1SDS_4core3ops5deref8DerefMut9deref_mutB5_
FNF:9
FNH:4
DA:51,1
DA:52,1
DA:53,1
DA:57,0
DA:58,0
DA:59,0
DA:73,2
DA:74,2
DA:75,2
DA:76,2
DA:77,2
DA:78,0
DA:80,2
DA:81,2
DA:92,1
DA:93,1
DA:94,1
DA:96,0
DA:98,0
DA:99,0
DA:103,1
DA:111,1
DA:112,1
DA:113,1
DA:114,1
DA:143,0
DA:144,0
DA:145,0
DA:147,0
DA:148,0
DA:155,0
DA:156,0
DA:157,0
DA:158,0
DA:159,0
BRF:0
BRH:0
LF:37
LH:18
end_of_record
SF:/home/rogerio/Projetos/rust/easyhttpmock/easyhttpmock/src/matchers/and.rs
FN:17,_RINvNtNtCsjnu45o9P2Z5_12easyhttpmock8matchers3and3andNtNtB6_4mock7RequestEB6_
FN:60,_RNCNvXs1_NtNtCsjnu45o9P2Z5_12easyhttpmock8matchers3andINtB7_3AndNtNtBb_4mock7RequestEINtCs3zLoKIa77Cs_8caramelo7MatcherB10_E11description0Bb_
FN:54,_RNCNvXs1_NtNtCsjnu45o9P2Z5_12easyhttpmock8matchers3andINtB7_3AndNtNtBb_4mock7RequestEINtCs3zLoKIa77Cs_8caramelo7MatcherB10_E7matches0Bb_
FN:73,_RNCNvXs2_NtNtCsjnu45o9P2Z5_12easyhttpmock8matchers3andINtB7_3AndNtNtBb_4mock7RequestEINtCs3zLoKIa77Cs_8caramelo12TypedMatcherB10_E12matcher_type0Bb_
FN:57,_RNvXs1_NtNtCsjnu45o9P2Z5_12easyhttpmock8matchers3andINtB5_3AndNtNtB9_4mock7RequestEINtCs3zLoKIa77Cs_8caramelo7MatcherBY_E11descriptionB9_
FN:51,_RNvXs1_NtNtCsjnu45o9P2Z5_12easyhttpmock8matchers3andINtB5_3AndNtNtB9_4mock7RequestEINtCs3zLoKIa77Cs_8caramelo7MatcherBY_E7matchesB9_
FN:70,_RNvXs2_NtNtCsjnu45o9P2Z5_12easyhttpmock8matchers3andINtB5_3AndNtNtB9_4mock7RequestEINtCs3zLoKIa77Cs_8caramelo12TypedMatcherBY_E12matcher_typeB9_
FN:42,_RNvMs0_NtNtCsjnu45o9P2Z5_12easyhttpmock8matchers3andINtB5_3AndpE3newB9_
FNDA:1,_RINvNtNtCsjnu45o9P2Z5_12easyhttpmock8matchers3and3andNtNtB6_4mock7RequestEB6_
FNDA:0,_RNCNvXs1_NtNtCsjnu45o9P2Z5_12easyhttpmock8matchers3andINtB7_3AndNtNtBb_4mock7RequestEINtCs3zLoKIa77Cs_8caramelo7MatcherB10_E11description0Bb_
FNDA:2,_RNCNvXs1_NtNtCsjnu45o9P2Z5_12easyhttpmock8matchers3andINtB7_3AndNtNtBb_4mock7RequestEINtCs3zLoKIa77Cs_8caramelo7MatcherB10_E7matches0Bb_
FNDA:0,_RNCNvXs2_NtNtCsjnu45o9P2Z5_12easyhttpmock8matchers3andINtB7_3AndNtNtBb_4mock7RequestEINtCs3zLoKIa77Cs_8caramelo12TypedMatcherB10_E12matcher_type0Bb_
FNDA:0,_RNvXs1_NtNtCsjnu45o9P2Z5_12easyhttpmock8matchers3andINtB5_3AndNtNtB9_4mock7RequestEINtCs3zLoKIa77Cs_8caramelo7MatcherBY_E11descriptionB9_
FNDA:1,_RNvXs1_NtNtCsjnu45o9P2Z5_12easyhttpmock8matchers3andINtB5_3AndNtNtB9_4mock7RequestEINtCs3zLoKIa77Cs_8caramelo7MatcherBY_E7matchesB9_
FNDA:0,_RNvXs2_NtNtCsjnu45o9P2Z5_12easyhttpmock8matchers3andINtB5_3AndNtNtB9_4mock7RequestEINtCs3zLoKIa77Cs_8caramelo12TypedMatcherBY_E12matcher_typeB9_
FNDA:0,_RNvMs0_NtNtCsjnu45o9P2Z5_12easyhttpmock8matchers3andINtB5_3AndpE3newB9_
FNF:8
FNH:3
DA:17,1
DA:18,1
DA:19,1
DA:20,1
DA:21,1
DA:42,0
DA:43,0
DA:44,0
DA:51,1
DA:52,1
DA:53,1
DA:54,2
DA:55,1
DA:57,0
DA:58,0
DA:59,0
DA:60,0
DA:61,0
DA:62,0
DA:63,0
DA:70,0
DA:71,0
DA:72,0
DA:73,0
DA:74,0
DA:75,0
BRF:0
BRH:0
LF:29
LH:11
end_of_record
SF:/home/rogerio/Projetos/rust/easyhttpmock/easyhttpmock/src/matchers/body.rs
FN:266,_RINvNtNtNtCsjnu45o9P2Z5_12easyhttpmock8matchers4body3xml14exact_xml_bodypEB8_
FN:105,_RINvNtNtNtCsjnu45o9P2Z5_12easyhttpmock8matchers4body4json15exact_json_bodypEB8_
FN:29,_RNvNtNtCsjnu45o9P2Z5_12easyhttpmock8matchers4body4body
FN:342,_RNvNtNtNtCsjnu45o9P2Z5_12easyhttpmock8matchers4body3xml16partial_xml_body
FN:171,_RNvNtNtNtCsjnu45o9P2Z5_12easyhttpmock8matchers4body4json17partial_json_body
FN:67,_RNvXNtNtCsjnu45o9P2Z5_12easyhttpmock8matchers4bodyNtB2_4BodyINtCs3zLoKIa77Cs_8caramelo7MatcherNtNtB6_4mock7RequestE11description
FN:58,_RNvXNtNtCsjnu45o9P2Z5_12easyhttpmock8matchers4bodyNtB2_4BodyINtCs3zLoKIa77Cs_8caramelo7MatcherNtNtB6_4mock7RequestE7matches
FN:314,_RNvXNtNtNtCsjnu45o9P2Z5_12easyhttpmock8matchers4body3xmlNtB2_16BodyWithExactXmlINtCs3zLoKIa77Cs_8caramelo7MatcherNtNtB8_4mock7RequestE11description
FN:306,_RNvXNtNtNtCsjnu45o9P2Z5_12easyhttpmock8matchers4body3xmlNtB2_16BodyWithExactXmlINtCs3zLoKIa77Cs_8caramelo7MatcherNtNtB8_4mock7RequestE7matches
FN:143,_RNvXNtNtNtCsjnu45o9P2Z5_12easyhttpmock8matchers4body4jsonNtB2_17BodyWithExactJsonINtCs3zLoKIa77Cs_8caramelo7MatcherNtNtB8_4mock7RequestE11description
FN:135,_RNvXNtNtNtCsjnu45o9P2Z5_12easyhttpmock8matchers4body4jsonNtB2_17BodyWithExactJsonINtCs3zLoKIa77Cs_8caramelo7MatcherNtNtB8_4mock7RequestE7matches
FN:383,_RNvXs0_NtNtNtCsjnu45o9P2Z5_12easyhttpmock8matchers4body3xmlNtB5_18BodyWithPartialXmlINtCs3zLoKIa77Cs_8caramelo7MatcherNtNtBb_4mock7RequestE11description
FN:367,_RNvXs0_NtNtNtCsjnu45o9P2Z5_12easyhttpmock8matchers4body3xmlNtB5_18BodyWithPartialXmlINtCs3zLoKIa77Cs_8caramelo7MatcherNtNtBb_4mock7RequestE7matches
FN:216,_RNvXs0_NtNtNtCsjnu45o9P2Z5_12easyhttpmock8matchers4body4jsonNtB5_19BodyWithPartialJsonINtCs3zLoKIa77Cs_8caramelo7MatcherNtNtBb_4mock7RequestE11description
FN:198,_RNvXs0_NtNtNtCsjnu45o9P2Z5_12easyhttpmock8matchers4body4jsonNtB5_19BodyWithPartialJsonINtCs3zLoKIa77Cs_8caramelo7MatcherNtNtBb_4mock7RequestE7matches
FN:389,_RNvXs1_NtNtNtCsjnu45o9P2Z5_12easyhttpmock8matchers4body3xmlNtB5_18BodyWithPartialXmlINtCs3zLoKIa77Cs_8caramelo12TypedMatcherNtNtBb_4mock7RequestE12matcher_type
FN:222,_RNvXs1_NtNtNtCsjnu45o9P2Z5_12easyhttpmock8matchers4body4jsonNtB5_19BodyWithPartialJsonINtCs3zLoKIa77Cs_8caramelo12TypedMatcherNtNtBb_4mock7RequestE12matcher_type
FN:73,_RNvXs_NtNtCsjnu45o9P2Z5_12easyhttpmock8matchers4bodyNtB4_4BodyINtCs3zLoKIa77Cs_8caramelo12TypedMatcherNtNtB8_4mock7RequestE12matcher_type
FN:320,_RNvXs_NtNtNtCsjnu45o9P2Z5_12easyhttpmock8matchers4body3xmlNtB4_16BodyWithExactXmlINtCs3zLoKIa77Cs_8caramelo12TypedMatcherNtNtBa_4mock7RequestE12matcher_type
FN:149,_RNvXs_NtNtNtCsjnu45o9P2Z5_12easyhttpmock8matchers4body4jsonNtB4_17BodyWithExactJsonINtCs3zLoKIa77Cs_8caramelo12TypedMatcherNtNtBa_4mock7RequestE12matcher_type
FNDA:0,_RINvNtNtNtCsjnu45o9P2Z5_12easyhttpmock8matchers4body3xml14exact_xml_bodypEB8_
FNDA:0,_RINvNtNtNtCsjnu45o9P2Z5_12easyhttpmock8matchers4body4json15exact_json_bodypEB8_
FNDA:0,_RNvNtNtCsjnu45o9P2Z5_12easyhttpmock8matchers4body4body
FNDA:0,_RNvNtNtNtCsjnu45o9P2Z5_12easyhttpmock8matchers4body3xml16partial_xml_body
FNDA:0,_RNvNtNtNtCsjnu45o9P2Z5_12easyhttpmock8matchers4body4json17partial_json_body
FNDA:0,_RNvXNtNtCsjnu45o9P2Z5_12easyhttpmock8matchers4bodyNtB2_4BodyINtCs3zLoKIa77Cs_8caramelo7MatcherNtNtB6_4mock7RequestE11description
FNDA:0,_RNvXNtNtCsjnu45o9P2Z5_12easyhttpmock8matchers4bodyNtB2_4BodyINtCs3zLoKIa77Cs_8caramelo7MatcherNtNtB6_4mock7RequestE7matches
FNDA:0,_RNvXNtNtNtCsjnu45o9P2Z5_12easyhttpmock8matchers4body3xmlNtB2_16BodyWithExactXmlINtCs3zLoKIa77Cs_8caramelo7MatcherNtNtB8_4mock7RequestE11description
FNDA:0,_RNvXNtNtNtCsjnu45o9P2Z5_12easyhttpmock8matchers4body3xmlNtB2_16BodyWithExactXmlINtCs3zLoKIa77Cs_8caramelo7MatcherNtNtB8_4mock7RequestE7matches
FNDA:0,_RNvXNtNtNtCsjnu45o9P2Z5_12easyhttpmock8matchers4body4jsonNtB2_17BodyWithExactJsonINtCs3zLoKIa77Cs_8caramelo7MatcherNtNtB8_4mock7RequestE11description
FNDA:0,_RNvXNtNtNtCsjnu45o9P2Z5_12easyhttpmock8matchers4body4jsonNtB2_17BodyWithExactJsonINtCs3zLoKIa77Cs_8caramelo7MatcherNtNtB8_4mock7RequestE7matches
FNDA:0,_RNvXs0_NtNtNtCsjnu45o9P2Z5_12easyhttpmock8matchers4body3xmlNtB5_18BodyWithPartialXmlINtCs3zLoKIa77Cs_8caramelo7MatcherNtNtBb_4mock7RequestE11description
FNDA:0,_RNvXs0_NtNtNtCsjnu45o9P2Z5_12easyhttpmock8matchers4body3xmlNtB5_18BodyWithPartialXmlINtCs3zLoKIa77Cs_8caramelo7MatcherNtNtBb_4mock7RequestE7matches
FNDA:0,_RNvXs0_NtNtNtCsjnu45o9P2Z5_12easyhttpmock8matchers4body4jsonNtB5_19BodyWithPartialJsonINtCs3zLoKIa77Cs_8caramelo7MatcherNtNtBb_4mock7RequestE11description
FNDA:0,_RNvXs0_NtNtNtCsjnu45o9P2Z5_12easyhttpmock8matchers4body4jsonNtB5_19BodyWithPartialJsonINtCs3zLoKIa77Cs_8caramelo7MatcherNtNtBb_4mock7RequestE7matches
FNDA:0,_RNvXs1_NtNtNtCsjnu45o9P2Z5_12easyhttpmock8matchers4body3xmlNtB5_18BodyWithPartialXmlINtCs3zLoKIa77Cs_8caramelo12TypedMatcherNtNtBb_4mock7RequestE12matcher_type
FNDA:0,_RNvXs1_NtNtNtCsjnu45o9P2Z5_12easyhttpmock8matchers4body4jsonNtB5_19BodyWithPartialJsonINtCs3zLoKIa77Cs_8caramelo12TypedMatcherNtNtBb_4mock7RequestE12matcher_type
FNDA:0,_RNvXs_NtNtCsjnu45o9P2Z5_12easyhttpmock8matchers4bodyNtB4_4BodyINtCs3zLoKIa77Cs_8caramelo12TypedMatcherNtNtB8_4mock7RequestE12matcher_type
FNDA:0,_RNvXs_NtNtNtCsjnu45o9P2Z5_12easyhttpmock8matchers4body3xmlNtB4_16BodyWithExactXmlINtCs3zLoKIa77Cs_8caramelo12TypedMatcherNtNtBa_4mock7RequestE12matcher_type
FNDA:0,_RNvXs_NtNtNtCsjnu45o9P2Z5_12easyhttpmock8matchers4body4jsonNtB4_17BodyWithExactJsonINtCs3zLoKIa77Cs_8caramelo12TypedMatcherNtNtBa_4mock7RequestE12matcher_type
FNF:20
FNH:0
DA:29,0
DA:30,0
DA:31,0
DA:32,0
DA:33,0
DA:35,0
DA:58,0
DA:59,0
DA:60,0
DA:61,0
DA:63,0
DA:65,0
DA:67,0
DA:68,0
DA:69,0
DA:73,0
DA:74,0
DA:75,0
DA:105,0
DA:106,0
DA:107,0
DA:108,0
DA:109,0
DA:110,0
DA:112,0
DA:135,0
DA:136,0
DA:137,0
DA:139,0
DA:141,0
DA:143,0
DA:144,0
DA:145,0
DA:149,0
DA:150,0
DA:151,0
DA:171,0
DA:172,0
DA:173,0
DA:174,0
DA:175,0
DA:198,0
DA:199,0
DA:200,0
DA:201,0
DA:203,0
DA:204,0
DA:206,0
DA:209,0
DA:212,0
DA:214,0
DA:216,0
DA:217,0
DA:218,0
DA:222,0
DA:223,0
DA:224,0
DA:266,0
DA:267,0
DA:268,0
DA:269,0
DA:270,0
DA:271,0
DA:273,0
DA:306,0
DA:307,0
DA:308,0
DA:310,0
DA:312,0
DA:314,0
DA:315,0
DA:316,0
DA:320,0
DA:321,0
DA:322,0
DA:342,0
DA:343,0
DA:344,0
DA:367,0
DA:368,0
DA:369,0
DA:370,0
DA:371,0
DA:373,0
DA:376,0
DA:379,0
DA:381,0
DA:383,0
DA:384,0
DA:385,0
DA:389,0
DA:390,0
DA:391,0
BRF:0
BRH:0
LF:93
LH:0
end_of_record
SF:/home/rogerio/Projetos/rust/easyhttpmock/easyhttpmock/src/matchers/header.rs
FN:16,_RNvXNtNtCsjnu45o9P2Z5_12easyhttpmock8matchers6headerNtNtNtCs1kLSPFWlSy3_4http6header4name10HeaderNameNtB2_12AsHeaderName16into_header_name
FN:118,_RINvNtNtCsjnu45o9P2Z5_12easyhttpmock8matchers6header12header_valueReEB6_
FN:55,_RINvNtNtCsjnu45o9P2Z5_12easyhttpmock8matchers6header6headerNtNtNtCs1kLSPFWlSy3_4http6header4name10HeaderNameEB6_
FN:158,_RNCNvXs3_NtNtCsjnu45o9P2Z5_12easyhttpmock8matchers6headerNtB7_11HeaderValueINtCs3zLoKIa77Cs_8caramelo7MatcherNtNtBb_4mock7RequestE7matches0Bb_
FN:32,_RNvXs0_NtNtCsjnu45o9P2Z5_12easyhttpmock8matchers6headerReNtB5_12AsHeaderName16into_header_name
FN:89,_RNvXs1_NtNtCsjnu45o9P2Z5_12easyhttpmock8matchers6headerNtB5_6HeaderINtCs3zLoKIa77Cs_8caramelo7MatcherNtNtB9_4mock7RequestE11description
FN:83,_RNvXs1_NtNtCsjnu45o9P2Z5_12easyhttpmock8matchers6headerNtB5_6HeaderINtCs3zLoKIa77Cs_8caramelo7MatcherNtNtB9_4mock7RequestE7matches
FN:95,_RNvXs2_NtNtCsjnu45o9P2Z5_12easyhttpmock8matchers6headerNtB5_6HeaderINtCs3zLoKIa77Cs_8caramelo12TypedMatcherNtNtB9_4mock7RequestE12matcher_type
FN:166,_RNvXs3_NtNtCsjnu45o9P2Z5_12easyhttpmock8matchers6headerNtB5_11HeaderValueINtCs3zLoKIa77Cs_8caramelo7MatcherNtNtB9_4mock7RequestE11description
FN:154,_RNvXs3_NtNtCsjnu45o9P2Z5_12easyhttpmock8matchers6headerNtB5_11HeaderValueINtCs3zLoKIa77Cs_8caramelo7MatcherNtNtB9_4mock7RequestE7matches
FN:172,_RNvXs4_NtNtCsjnu45o9P2Z5_12easyhttpmock8matchers6headerNtB5_11HeaderValueINtCs3zLoKIa77Cs_8caramelo12TypedMatcherNtNtB9_4mock7RequestE12matcher_type
FN:22,_RNvXs_NtNtCsjnu45o9P2Z5_12easyhttpmock8matchers6headerNtNtCslNYArtu3iFV_5alloc6string6StringNtB4_12AsHeaderName16into_header_name
FN:225,_RNCNvXs5_NtNtCsjnu45o9P2Z5_12easyhttpmock8matchers6headerNtB7_3JwtINtCs3zLoKIa77Cs_8caramelo7MatcherNtNtBb_4mock7RequestE7matches0Bb_
FN:294,_RNCNvXs7_NtNtCsjnu45o9P2Z5_12easyhttpmock8matchers6headerNtB7_9BasicAuthINtCs3zLoKIa77Cs_8caramelo7MatcherNtNtBb_4mock7RequestE7matches0Bb_
FN:261,_RNvNtNtCsjnu45o9P2Z5_12easyhttpmock8matchers6header10basic_auth
FN:194,_RNvNtNtCsjnu45o9P2Z5_12easyhttpmock8matchers6header3jwt
FN:232,_RNvXs5_NtNtCsjnu45o9P2Z5_12easyhttpmock8matchers6headerNtB5_3JwtINtCs3zLoKIa77Cs_8caramelo7MatcherNtNtB9_4mock7RequestE11description
FN:221,_RNvXs5_NtNtCsjnu45o9P2Z5_12easyhttpmock8matchers6headerNtB5_3JwtINtCs3zLoKIa77Cs_8caramelo7MatcherNtNtB9_4mock7RequestE7matches
FN:238,_RNvXs6_NtNtCsjnu45o9P2Z5_12easyhttpmock8matchers6headerNtB5_3JwtINtCs3zLoKIa77Cs_8caramelo12TypedMatcherNtNtB9_4mock7RequestE12matcher_type
FN:301,_RNvXs7_NtNtCsjnu45o9P2Z5_12easyhttpmock8matchers6headerNtB5_9BasicAuthINtCs3zLoKIa77Cs_8caramelo7MatcherNtNtB9_4mock7RequestE11description
FN:290,_RNvXs7_NtNtCsjnu45o9P2Z5_12easyhttpmock8matchers6headerNtB5_9BasicAuthINtCs3zLoKIa77Cs_8caramelo7MatcherNtNtB9_4mock7RequestE7matches
FN:307,_RNvXs8_NtNtCsjnu45o9P2Z5_12easyhttpmock8matchers6headerNtB5_9BasicAuthINtCs3zLoKIa77Cs_8caramelo12TypedMatcherNtNtB9_4mock7RequestE12matcher_type
FNDA:2,_RNvXNtNtCsjnu45o9P2Z5_12easyhttpmock8matchers6headerNtNtNtCs1kLSPFWlSy3_4http6header4name10HeaderNameNtB2_12AsHeaderName16into_header_name
FNDA:2,_RINvNtNtCsjnu45o9P2Z5_12easyhttpmock8matchers6header12header_valueReEB6_
FNDA:2,_RINvNtNtCsjnu45o9P2Z5_12easyhttpmock8matchers6header6headerNtNtNtCs1kLSPFWlSy3_4http6header4name10HeaderNameEB6_
FNDA:2,_RNCNvXs3_NtNtCsjnu45o9P2Z5_12easyhttpmock8matchers6headerNtB7_11HeaderValueINtCs3zLoKIa77Cs_8caramelo7MatcherNtNtBb_4mock7RequestE7matches0Bb_
FNDA:2,_RNvXs0_NtNtCsjnu45o9P2Z5_12easyhttpmock8matchers6headerReNtB5_12AsHeaderName16into_header_name
FNDA:1,_RNvXs1_NtNtCsjnu45o9P2Z5_12easyhttpmock8matchers6headerNtB5_6HeaderINtCs3zLoKIa77Cs_8caramelo7MatcherNtNtB9_4mock7RequestE11description
FNDA:2,_RNvXs1_NtNtCsjnu45o9P2Z5_12easyhttpmock8matchers6headerNtB5_6HeaderINtCs3zLoKIa77Cs_8caramelo7MatcherNtNtB9_4mock7RequestE7matches
FNDA:2,_RNvXs2_NtNtCsjnu45o9P2Z5_12easyhttpmock8matchers6headerNtB5_6HeaderINtCs3zLoKIa77Cs_8caramelo12TypedMatcherNtNtB9_4mock7RequestE12matcher_type
FNDA:1,_RNvXs3_NtNtCsjnu45o9P2Z5_12easyhttpmock8matchers6headerNtB5_11HeaderValueINtCs3zLoKIa77Cs_8caramelo7MatcherNtNtB9_4mock7RequestE11description
FNDA:2,_RNvXs3_NtNtCsjnu45o9P2Z5_12easyhttpmock8matchers6headerNtB5_11HeaderValueINtCs3zLoKIa77Cs_8caramelo7MatcherNtNtB9_4mock7RequestE7matches
FNDA:2,_RNvXs4_NtNtCsjnu45o9P2Z5_12easyhttpmock8matchers6headerNtB5_11HeaderValueINtCs3zLoKIa77Cs_8caramelo12TypedMatcherNtNtB9_4mock7RequestE12matcher_type
FNDA:2,_RNvXs_NtNtCsjnu45o9P2Z5_12easyhttpmock8matchers6headerNtNtCslNYArtu3iFV_5alloc6string6StringNtB4_12AsHeaderName16into_header_name
FNDA:0,_RNCNvXs5_NtNtCsjnu45o9P2Z5_12easyhttpmock8matchers6headerNtB7_3JwtINtCs3zLoKIa77Cs_8caramelo7MatcherNtNtBb_4mock7RequestE7matches0Bb_
FNDA:0,_RNCNvXs7_NtNtCsjnu45o9P2Z5_12easyhttpmock8matchers6headerNtB7_9BasicAuthINtCs3zLoKIa77Cs_8caramelo7MatcherNtNtBb_4mock7RequestE7matches0Bb_
FNDA:0,_RNvNtNtCsjnu45o9P2Z5_12easyhttpmock8matchers6header10basic_auth
FNDA:0,_RNvNtNtCsjnu45o9P2Z5_12easyhttpmock8matchers6header3jwt
FNDA:0,_RNvXs5_NtNtCsjnu45o9P2Z5_12easyhttpmock8matchers6headerNtB5_3JwtINtCs3zLoKIa77Cs_8caramelo7MatcherNtNtB9_4mock7RequestE11description
FNDA:0,_RNvXs5_NtNtCsjnu45o9P2Z5_12easyhttpmock8matchers6headerNtB5_3JwtINtCs3zLoKIa77Cs_8caramelo7MatcherNtNtB9_4mock7RequestE7matches
FNDA:0,_RNvXs6_NtNtCsjnu45o9P2Z5_12easyhttpmock8matchers6headerNtB5_3JwtINtCs3zLoKIa77Cs_8caramelo12TypedMatcherNtNtB9_4mock7RequestE12matcher_type
FNDA:0,_RNvXs7_NtNtCsjnu45o9P2Z5_12easyhttpmock8matchers6headerNtB5_9BasicAuthINtCs3zLoKIa77Cs_8caramelo7MatcherNtNtB9_4mock7RequestE11description
FNDA:0,_RNvXs7_NtNtCsjnu45o9P2Z5_12easyhttpmock8matchers6headerNtB5_9BasicAuthINtCs3zLoKIa77Cs_8caramelo7MatcherNtNtB9_4mock7RequestE7matches
FNDA:0,_RNvXs8_NtNtCsjnu45o9P2Z5_12easyhttpmock8matchers6headerNtB5_9BasicAuthINtCs3zLoKIa77Cs_8caramelo12TypedMatcherNtNtB9_4mock7RequestE12matcher_type
FNF:22
FNH:12
DA:16,2
DA:17,2
DA:18,2
DA:22,2
DA:23,2
DA:24,2
DA:25,2
DA:26,0
DA:28,2
DA:32,2
DA:33,2
DA:34,2
DA:35,2
DA:55,2
DA:56,2
DA:57,2
DA:59,2
DA:60,2
DA:83,2
DA:84,2
DA:85,2
DA:86,2
DA:87,2
DA:89,1
DA:90,1
DA:91,1
DA:95,2
DA:96,2
DA:97,2
DA:118,2
DA:119,2
DA:120,2
DA:122,2
DA:123,2
DA:124,2
DA:125,0
DA:127,2
DA:154,2
DA:155,2
DA:156,2
DA:157,2
DA:158,2
DA:159,2
DA:160,2
DA:161,2
DA:163,2
DA:164,2
DA:166,1
DA:167,1
DA:168,1
DA:172,2
DA:173,2
DA:174,2
DA:194,0
DA:195,0
DA:196,0
DA:221,0
DA:222,0
DA:223,0
DA:224,0
DA:225,0
DA:226,0
DA:227,0
DA:228,0
DA:229,0
DA:230,0
DA:232,0
DA:233,0
DA:234,0
DA:238,0
DA:239,0
DA:240,0
DA:261,0
DA:262,0
DA:263,0
DA:290,0
DA:291,0
DA:292,0
DA:293,0
DA:294,0
DA:295,0
DA:296,0
DA:297,0
DA:298,0
DA:299,0
DA:301,0
DA:302,0
DA:303,0
DA:307,0
DA:308,0
DA:309,0
BRF:0
BRH:0
LF:94
LH:52
end_of_record
SF:/home/rogerio/Projetos/rust/easyhttpmock/easyhttpmock/src/matchers/method.rs
FN:57,_RINvNtNtCsjnu45o9P2Z5_12easyhttpmock8matchers6method6methodNtNtCs1kLSPFWlSy3_4http6method6MethodEB6_
FN:57,_RINvNtNtCsjnu45o9P2Z5_12easyhttpmock8matchers6method6methodReEB6_
FN:12,_RNvXNtNtCsjnu45o9P2Z5_12easyhttpmock8matchers6methodNtNtCs1kLSPFWlSy3_4http6method6MethodNtB2_8AsMethod11into_method
FN:25,_RNvXs0_NtNtCsjnu45o9P2Z5_12easyhttpmock8matchers6methodReNtB5_8AsMethod11into_method
FN:92,_RNvXs3_NtNtCsjnu45o9P2Z5_12easyhttpmock8matchers6methodNtB5_6MethodINtCs3zLoKIa77Cs_8caramelo7MatcherNtNtB9_4mock7RequestE11description
FN:88,_RNvXs3_NtNtCsjnu45o9P2Z5_12easyhttpmock8matchers6methodNtB5_6MethodINtCs3zLoKIa77Cs_8caramelo7MatcherNtNtB9_4mock7RequestE7matches
FN:98,_RNvXs4_NtNtCsjnu45o9P2Z5_12easyhttpmock8matchers6methodNtB5_6MethodINtCs3zLoKIa77Cs_8caramelo12TypedMatcherNtNtB9_4mock7RequestE12matcher_type
FN:18,_RNvXs_NtNtCsjnu45o9P2Z5_12easyhttpmock8matchers6methodNtNtCslNYArtu3iFV_5alloc6string6StringNtB4_8AsMethod11into_method
FNDA:13,_RINvNtNtCsjnu45o9P2Z5_12easyhttpmock8matchers6method6methodNtNtCs1kLSPFWlSy3_4http6method6MethodEB6_
FNDA:2,_RINvNtNtCsjnu45o9P2Z5_12easyhttpmock8matchers6method6methodReEB6_
FNDA:13,_RNvXNtNtCsjnu45o9P2Z5_12easyhttpmock8matchers6methodNtNtCs1kLSPFWlSy3_4http6method6MethodNtB2_8AsMethod11into_method
FNDA:2,_RNvXs0_NtNtCsjnu45o9P2Z5_12easyhttpmock8matchers6methodReNtB5_8AsMethod11into_method
FNDA:5,_RNvXs3_NtNtCsjnu45o9P2Z5_12easyhttpmock8matchers6methodNtB5_6MethodINtCs3zLoKIa77Cs_8caramelo7MatcherNtNtB9_4mock7RequestE11description
FNDA:14,_RNvXs3_NtNtCsjnu45o9P2Z5_12easyhttpmock8matchers6methodNtB5_6MethodINtCs3zLoKIa77Cs_8caramelo7MatcherNtNtB9_4mock7RequestE7matches
FNDA:11,_RNvXs4_NtNtCsjnu45o9P2Z5_12easyhttpmock8matchers6methodNtB5_6MethodINtCs3zLoKIa77Cs_8caramelo12TypedMatcherNtNtB9_4mock7RequestE12matcher_type
FNDA:0,_RNvXs_NtNtCsjnu45o9P2Z5_12easyhttpmock8matchers6methodNtNtCslNYArtu3iFV_5alloc6string6StringNtB4_8AsMethod11into_method
FNF:7
FNH:6
DA:12,13
DA:13,13
DA:14,13
DA:18,0
DA:19,0
DA:20,0
DA:21,0
DA:25,2
DA:26,2
DA:27,2
DA:28,0
DA:29,0
DA:30,0
DA:31,0
DA:32,0
DA:33,0
DA:34,0
DA:35,0
DA:37,2
DA:57,15
DA:58,15
DA:59,15
DA:61,15
DA:62,15
DA:88,14
DA:89,14
DA:90,14
DA:92,5
DA:93,5
DA:94,5
DA:98,11
DA:99,11
DA:100,11
BRF:0
BRH:0
LF:33
LH:21
end_of_record
SF:/home/rogerio/Projetos/rust/easyhttpmock/easyhttpmock/src/matchers/or.rs
FN:17,_RINvNtNtCsjnu45o9P2Z5_12easyhttpmock8matchers2or2orNtNtB6_4mock7RequestEB6_
FN:57,_RNCNvXs1_NtNtCsjnu45o9P2Z5_12easyhttpmock8matchers2orINtB7_2OrNtNtBb_4mock7RequestEINtCs3zLoKIa77Cs_8caramelo7MatcherBY_E11description0Bb_
FN:51,_RNCNvXs1_NtNtCsjnu45o9P2Z5_12easyhttpmock8matchers2orINtB7_2OrNtNtBb_4mock7RequestEINtCs3zLoKIa77Cs_8caramelo7MatcherBY_E7matches0Bb_
FN:67,_RNCNvXs2_NtNtCsjnu45o9P2Z5_12easyhttpmock8matchers2orINtB7_2OrNtNtBb_4mock7RequestEINtCs3zLoKIa77Cs_8caramelo12TypedMatcherBY_E12matcher_type0Bb_
FN:54,_RNvXs1_NtNtCsjnu45o9P2Z5_12easyhttpmock8matchers2orINtB5_2OrNtNtB9_4mock7RequestEINtCs3zLoKIa77Cs_8caramelo7MatcherBW_E11descriptionB9_
FN:48,_RNvXs1_NtNtCsjnu45o9P2Z5_12easyhttpmock8matchers2orINtB5_2OrNtNtB9_4mock7RequestEINtCs3zLoKIa77Cs_8caramelo7MatcherBW_E7matchesB9_
FN:64,_RNvXs2_NtNtCsjnu45o9P2Z5_12easyhttpmock8matchers2orINtB5_2OrNtNtB9_4mock7RequestEINtCs3zLoKIa77Cs_8caramelo12TypedMatcherBW_E12matcher_typeB9_
FN:42,_RNvMs0_NtNtCsjnu45o9P2Z5_12easyhttpmock8matchers2orINtB5_2OrpE3newB9_
FNDA:1,_RINvNtNtCsjnu45o9P2Z5_12easyhttpmock8matchers2or2orNtNtB6_4mock7RequestEB6_
FNDA:2,_RNCNvXs1_NtNtCsjnu45o9P2Z5_12easyhttpmock8matchers2orINtB7_2OrNtNtBb_4mock7RequestEINtCs3zLoKIa77Cs_8caramelo7MatcherBY_E11description0Bb_
FNDA:2,_RNCNvXs1_NtNtCsjnu45o9P2Z5_12easyhttpmock8matchers2orINtB7_2OrNtNtBb_4mock7RequestEINtCs3zLoKIa77Cs_8caramelo7MatcherBY_E7matches0Bb_
FNDA:0,_RNCNvXs2_NtNtCsjnu45o9P2Z5_12easyhttpmock8matchers2orINtB7_2OrNtNtBb_4mock7RequestEINtCs3zLoKIa77Cs_8caramelo12TypedMatcherBY_E12matcher_type0Bb_
FNDA:1,_RNvXs1_NtNtCsjnu45o9P2Z5_12easyhttpmock8matchers2orINtB5_2OrNtNtB9_4mock7RequestEINtCs3zLoKIa77Cs_8caramelo7MatcherBW_E11descriptionB9_
FNDA:1,_RNvXs1_NtNtCsjnu45o9P2Z5_12easyhttpmock8matchers2orINtB5_2OrNtNtB9_4mock7RequestEINtCs3zLoKIa77Cs_8caramelo7MatcherBW_E7matchesB9_
FNDA:0,_RNvXs2_NtNtCsjnu45o9P2Z5_12easyhttpmock8matchers2orINtB5_2OrNtNtB9_4mock7RequestEINtCs3zLoKIa77Cs_8caramelo12TypedMatcherBW_E12matcher_typeB9_
FNDA:0,_RNvMs0_NtNtCsjnu45o9P2Z5_12easyhttpmock8matchers2orINtB5_2OrpE3newB9_
FNF:8
FNH:5
DA:17,1
DA:18,1
DA:19,1
DA:20,1
DA:21,1
DA:42,0
DA:43,0
DA:44,0
DA:48,1
DA:49,1
DA:50,1
DA:51,2
DA:52,1
DA:54,1
DA:55,1
DA:56,1
DA:57,2
DA:58,1
DA:59,1
DA:60,1
DA:64,0
DA:65,0
DA:66,0
DA:67,0
DA:68,0
DA:69,0
BRF:0
BRH:0
LF:29
LH:19
end_of_record
SF:/home/rogerio/Projetos/rust/easyhttpmock/easyhttpmock/src/matchers/path.rs
FN:26,_RNvNtNtCsjnu45o9P2Z5_12easyhttpmock8matchers4path4path
FN:66,_RNvXs0_NtNtCsjnu45o9P2Z5_12easyhttpmock8matchers4pathNtB5_4PathINtCs3zLoKIa77Cs_8caramelo7MatcherNtNtB9_4mock7RequestE11description
FN:58,_RNvXs0_NtNtCsjnu45o9P2Z5_12easyhttpmock8matchers4pathNtB5_4PathINtCs3zLoKIa77Cs_8caramelo7MatcherNtNtB9_4mock7RequestE7matches
FN:72,_RNvXs1_NtNtCsjnu45o9P2Z5_12easyhttpmock8matchers4pathNtB5_4PathINtCs3zLoKIa77Cs_8caramelo12TypedMatcherNtNtB9_4mock7RequestE12matcher_type
FNDA:6,_RNvNtNtCsjnu45o9P2Z5_12easyhttpmock8matchers4path4path
FNDA:3,_RNvXs0_NtNtCsjnu45o9P2Z5_12easyhttpmock8matchers4pathNtB5_4PathINtCs3zLoKIa77Cs_8caramelo7MatcherNtNtB9_4mock7RequestE11description
FNDA:6,_RNvXs0_NtNtCsjnu45o9P2Z5_12easyhttpmock8matchers4pathNtB5_4PathINtCs3zLoKIa77Cs_8caramelo7MatcherNtNtB9_4mock7RequestE7matches
FNDA:2,_RNvXs1_NtNtCsjnu45o9P2Z5_12easyhttpmock8matchers4pathNtB5_4PathINtCs3zLoKIa77Cs_8caramelo12TypedMatcherNtNtB9_4mock7RequestE12matcher_type
FNF:4
FNH:4
DA:26,6
DA:27,6
DA:28,6
DA:29,6
DA:30,0
DA:32,6
DA:58,6
DA:59,6
DA:60,6
DA:61,6
DA:62,6
DA:64,6
DA:66,3
DA:67,3
DA:68,3
DA:72,2
DA:73,2
DA:74,2
BRF:0
BRH:0
LF:18
LH:17
end_of_record
SF:/home/rogerio/Projetos/rust/easyhttpmock/easyhttpmock/src/matchers/query.rs
FN:58,_RNCNvXNtNtCsjnu45o9P2Z5_12easyhttpmock8matchers5queryNtB4_10QueryParamINtCs3zLoKIa77Cs_8caramelo7MatcherNtNtB8_4mock7RequestE7matches0B8_
FN:129,_RNCNvXs0_NtNtCsjnu45o9P2Z5_12easyhttpmock8matchers5queryNtB7_10QueryValueINtCs3zLoKIa77Cs_8caramelo7MatcherNtNtBb_4mock7RequestE7matches0Bb_
FN:25,_RNvNtNtCsjnu45o9P2Z5_12easyhttpmock8matchers5query11query_param
FN:96,_RNvNtNtCsjnu45o9P2Z5_12easyhttpmock8matchers5query11query_value
FN:64,_RNvXNtNtCsjnu45o9P2Z5_12easyhttpmock8matchers5queryNtB2_10QueryParamINtCs3zLoKIa77Cs_8caramelo7MatcherNtNtB6_4mock7RequestE11description
FN:54,_RNvXNtNtCsjnu45o9P2Z5_12easyhttpmock8matchers5queryNtB2_10QueryParamINtCs3zLoKIa77Cs_8caramelo7MatcherNtNtB6_4mock7RequestE7matches
FN:138,_RNvXs0_NtNtCsjnu45o9P2Z5_12easyhttpmock8matchers5queryNtB5_10QueryValueINtCs3zLoKIa77Cs_8caramelo7MatcherNtNtB9_4mock7RequestE11description
FN:125,_RNvXs0_NtNtCsjnu45o9P2Z5_12easyhttpmock8matchers5queryNtB5_10QueryValueINtCs3zLoKIa77Cs_8caramelo7MatcherNtNtB9_4mock7RequestE7matches
FN:144,_RNvXs1_NtNtCsjnu45o9P2Z5_12easyhttpmock8matchers5queryNtB5_10QueryValueINtCs3zLoKIa77Cs_8caramelo12TypedMatcherNtNtB9_4mock7RequestE12matcher_type
FN:70,_RNvXs_NtNtCsjnu45o9P2Z5_12easyhttpmock8matchers5queryNtB4_10QueryParamINtCs3zLoKIa77Cs_8caramelo12TypedMatcherNtNtB8_4mock7RequestE12matcher_type
FNDA:0,_RNCNvXNtNtCsjnu45o9P2Z5_12easyhttpmock8matchers5queryNtB4_10QueryParamINtCs3zLoKIa77Cs_8caramelo7MatcherNtNtB8_4mock7RequestE7matches0B8_
FNDA:0,_RNCNvXs0_NtNtCsjnu45o9P2Z5_12easyhttpmock8matchers5queryNtB7_10QueryValueINtCs3zLoKIa77Cs_8caramelo7MatcherNtNtBb_4mock7RequestE7matches0Bb_
FNDA:0,_RNvNtNtCsjnu45o9P2Z5_12easyhttpmock8matchers5query11query_param
FNDA:0,_RNvNtNtCsjnu45o9P2Z5_12easyhttpmock8matchers5query11query_value
FNDA:0,_RNvXNtNtCsjnu45o9P2Z5_12easyhttpmock8matchers5queryNtB2_10QueryParamINtCs3zLoKIa77Cs_8caramelo7MatcherNtNtB6_4mock7RequestE11description
FNDA:0,_RNvXNtNtCsjnu45o9P2Z5_12easyhttpmock8matchers5queryNtB2_10QueryParamINtCs3zLoKIa77Cs_8caramelo7MatcherNtNtB6_4mock7RequestE7matches
FNDA:0,_RNvXs0_NtNtCsjnu45o9P2Z5_12easyhttpmock8matchers5queryNtB5_10QueryValueINtCs3zLoKIa77Cs_8caramelo7MatcherNtNtB9_4mock7RequestE11description
FNDA:0,_RNvXs0_NtNtCsjnu45o9P2Z5_12easyhttpmock8matchers5queryNtB5_10QueryValueINtCs3zLoKIa77Cs_8caramelo7MatcherNtNtB9_4mock7RequestE7matches
FNDA:0,_RNvXs1_NtNtCsjnu45o9P2Z5_12easyhttpmock8matchers5queryNtB5_10QueryValueINtCs3zLoKIa77Cs_8caramelo12TypedMatcherNtNtB9_4mock7RequestE12matcher_type
FNDA:0,_RNvXs_NtNtCsjnu45o9P2Z5_12easyhttpmock8matchers5queryNtB4_10QueryParamINtCs3zLoKIa77Cs_8caramelo12TypedMatcherNtNtB8_4mock7RequestE12matcher_type
FNF:10
FNH:0
DA:25,0
DA:26,0
DA:27,0
DA:28,0
DA:29,0
DA:31,0
DA:54,0
DA:55,0
DA:56,0
DA:57,0
DA:58,0
DA:60,0
DA:62,0
DA:64,0
DA:65,0
DA:66,0
DA:70,0
DA:71,0
DA:72,0
DA:96,0
DA:97,0
DA:98,0
DA:99,0
DA:100,0
DA:102,0
DA:125,0
DA:126,0
DA:127,0
DA:128,0
DA:129,0
DA:130,0
DA:131,0
DA:132,0
DA:134,0
DA:136,0
DA:138,0
DA:139,0
DA:140,0
DA:144,0
DA:145,0
DA:146,0
BRF:0
BRH:0
LF:43
LH:0
end_of_record
SF:/home/rogerio/Projetos/rust/easyhttpmock/easyhttpmock/src/mock.rs
FN:190,_RINvMs5_NtCsjnu45o9P2Z5_12easyhttpmock4mockNtB6_14RequestBuilder6headerNtNtNtCs1kLSPFWlSy3_4http6header4name10HeaderNameEB8_
FN:190,_RINvMs5_NtCsjnu45o9P2Z5_12easyhttpmock4mockNtB6_14RequestBuilder6headerReEB8_
FN:62,_RINvNtCsjnu45o9P2Z5_12easyhttpmock4mock5givenINtNtCslNYArtu3iFV_5alloc4sync3ArcDINtCs3zLoKIa77Cs_8caramelo12TypedMatcherNtB2_7RequestENtNtCsgEmfK2I1SDS_4core6marker4SyncNtB2a_4SendEL_EEB4_
FN:251,_RNCNCNCNvMs6_NtCsjnu45o9P2Z5_12easyhttpmock4mockNtBb_7Request10from_parts000Bd_
FN:249,_RNCNCNvMs6_NtCsjnu45o9P2Z5_12easyhttpmock4mockNtB9_7Request10from_parts00Bb_
FN:247,_RNCNvMs6_NtCsjnu45o9P2Z5_12easyhttpmock4mockNtB7_7Request10from_parts0B9_
FN:18,_RNvMNtCsjnu45o9P2Z5_12easyhttpmock4mockNtB2_9MockState3newB4_
FN:24,_RNvMNtCsjnu45o9P2Z5_12easyhttpmock4mockNtB2_9MockState5innerB4_
FN:88,_RNvMs0_NtCsjnu45o9P2Z5_12easyhttpmock4mockNtB5_11RequestMock11will_returnB7_
FN:75,_RNvMs0_NtCsjnu45o9P2Z5_12easyhttpmock4mockNtB5_11RequestMock7matcherB7_
FN:81,_RNvMs0_NtCsjnu45o9P2Z5_12easyhttpmock4mockNtB5_11RequestMock7respondB7_
FN:175,_RNvMs5_NtCsjnu45o9P2Z5_12easyhttpmock4mockNtB5_14RequestBuilder12query_params
FN:170,_RNvMs5_NtCsjnu45o9P2Z5_12easyhttpmock4mockNtB5_14RequestBuilder3uri
FN:217,_RNvMs5_NtCsjnu45o9P2Z5_12easyhttpmock4mockNtB5_14RequestBuilder4body
FN:205,_RNvMs5_NtCsjnu45o9P2Z5_12easyhttpmock4mockNtB5_14RequestBuilder5empty
FN:180,_RNvMs5_NtCsjnu45o9P2Z5_12easyhttpmock4mockNtB5_14RequestBuilder6method
FN:185,_RNvMs5_NtCsjnu45o9P2Z5_12easyhttpmock4mockNtB5_14RequestBuilder7version
FN:243,_RNvMs6_NtCsjnu45o9P2Z5_12easyhttpmock4mockNtB5_7Request10from_partsB7_
FN:348,_RNvMs6_NtCsjnu45o9P2Z5_12easyhttpmock4mockNtB5_7Request12query_paramsB7_
FN:278,_RNvMs6_NtCsjnu45o9P2Z5_12easyhttpmock4mockNtB5_7Request3get
FN:288,_RNvMs6_NtCsjnu45o9P2Z5_12easyhttpmock4mockNtB5_7Request3put
FN:354,_RNvMs6_NtCsjnu45o9P2Z5_12easyhttpmock4mockNtB5_7Request4bodyB7_
FN:303,_RNvMs6_NtCsjnu45o9P2Z5_12easyhttpmock4mockNtB5_7Request4head
FN:324,_RNvMs6_NtCsjnu45o9P2Z5_12easyhttpmock4mockNtB5_7Request4pathB7_
FN:283,_RNvMs6_NtCsjnu45o9P2Z5_12easyhttpmock4mockNtB5_7Request4post
FN:298,_RNvMs6_NtCsjnu45o9P2Z5_12easyhttpmock4mockNtB5_7Request5patch
FN:313,_RNvMs6_NtCsjnu45o9P2Z5_12easyhttpmock4mockNtB5_7Request5trace
FN:293,_RNvMs6_NtCsjnu45o9P2Z5_12easyhttpmock4mockNtB5_7Request6delete
FN:330,_RNvMs6_NtCsjnu45o9P2Z5_12easyhttpmock4mockNtB5_7Request6methodB7_
FN:266,_RNvMs6_NtCsjnu45o9P2Z5_12easyhttpmock4mockNtB5_7Request7builder
FN:318,_RNvMs6_NtCsjnu45o9P2Z5_12easyhttpmock4mockNtB5_7Request7connect
FN:336,_RNvMs6_NtCsjnu45o9P2Z5_12easyhttpmock4mockNtB5_7Request7headersB7_
FN:308,_RNvMs6_NtCsjnu45o9P2Z5_12easyhttpmock4mockNtB5_7Request7options
FN:342,_RNvMs6_NtCsjnu45o9P2Z5_12easyhttpmock4mockNtB5_7Request7versionB7_
FN:374,_RNvMs7_NtCsjnu45o9P2Z5_12easyhttpmock4mockNtB5_14RespondBuilder11with_headerB7_
FN:367,_RNvMs7_NtCsjnu45o9P2Z5_12easyhttpmock4mockNtB5_14RespondBuilder11with_statusB7_
FN:382,_RNvMs7_NtCsjnu45o9P2Z5_12easyhttpmock4mockNtB5_14RespondBuilder12with_headersB7_
FN:392,_RNvMs7_NtCsjnu45o9P2Z5_12easyhttpmock4mockNtB5_14RespondBuilder5emptyB7_
FN:398,_RNvMs7_NtCsjnu45o9P2Z5_12easyhttpmock4mockNtB5_14RespondBuilder7no_bodyB7_
FN:404,_RNvMs7_NtCsjnu45o9P2Z5_12easyhttpmock4mockNtB5_14RespondBuilder9with_bodyB7_
FN:431,_RNvMs8_NtCsjnu45o9P2Z5_12easyhttpmock4mockNtB5_7Respond11status_codeB7_
FN:443,_RNvMs8_NtCsjnu45o9P2Z5_12easyhttpmock4mockNtB5_7Respond4bodyB7_
FN:425,_RNvMs8_NtCsjnu45o9P2Z5_12easyhttpmock4mockNtB5_7Respond7builderB7_
FN:437,_RNvMs8_NtCsjnu45o9P2Z5_12easyhttpmock4mockNtB5_7Respond7headersB7_
FN:49,_RNvMs_NtCsjnu45o9P2Z5_12easyhttpmock4mockNtB4_4Mock2ofB6_
FN:55,_RNvMs_NtCsjnu45o9P2Z5_12easyhttpmock4mockNtB4_4Mock7requestB6_
FN:152,_RNvXs4_NtCsjnu45o9P2Z5_12easyhttpmock4mockNtNtCs1kLSPFWlSy3_4http6status10StatusCodeNtB5_13StatusCodeExt7respond
FN:127,_RINvYINtNtCslNYArtu3iFV_5alloc4sync3ArcDINtCs3zLoKIa77Cs_8caramelo12TypedMatcherNtNtCsjnu45o9P2Z5_12easyhttpmock4mock7RequestENtNtCsgEmfK2I1SDS_4core6marker4SyncNtB22_4SendEL_EINtB1i_15AsyncMatcherExtB1g_E2orB3_EB1k_
FN:118,_RINvYINtNtCslNYArtu3iFV_5alloc4sync3ArcDINtCs3zLoKIa77Cs_8caramelo12TypedMatcherNtNtCsjnu45o9P2Z5_12easyhttpmock4mock7RequestENtNtCsgEmfK2I1SDS_4core6marker4SyncNtB22_4SendEL_EINtB1i_15AsyncMatcherExtB1g_E3andB3_EB1k_
FN:100,_RNvXs1_NtCsjnu45o9P2Z5_12easyhttpmock4mockINtNtCslNYArtu3iFV_5alloc4sync3ArcDINtCs3zLoKIa77Cs_8caramelo12TypedMatcherNtB5_7RequestENtNtCsgEmfK2I1SDS_4core6marker4SyncNtB27_4SendEL_EINtB1g_7MatcherB1R_E11description
FN:95,_RNvXs1_NtCsjnu45o9P2Z5_12easyhttpmock4mockINtNtCslNYArtu3iFV_5alloc4sync3ArcDINtCs3zLoKIa77Cs_8caramelo12TypedMatcherNtB5_7RequestENtNtCsgEmfK2I1SDS_4core6marker4SyncNtB27_4SendEL_EINtB1g_7MatcherB1R_E7matches
FN:107,_RNvXs2_NtCsjnu45o9P2Z5_12easyhttpmock4mockINtNtCslNYArtu3iFV_5alloc4sync3ArcDINtCs3zLoKIa77Cs_8caramelo12TypedMatcherNtB5_7RequestENtNtCsgEmfK2I1SDS_4core6marker4SyncNtB27_4SendEL_EIB1e_B1R_E12matcher_type
FN:29,_RINvMNtCsjnu45o9P2Z5_12easyhttpmock4mockNtB3_9MockState6use_onpEB5_
FN:32,_RNCINvMNtCsjnu45o9P2Z5_12easyhttpmock4mockNtB5_9MockState6use_onpE0B7_
FNDA:1,_RINvMs5_NtCsjnu45o9P2Z5_12easyhttpmock4mockNtB6_14RequestBuilder6headerNtNtNtCs1kLSPFWlSy3_4http6header4name10HeaderNameEB8_
FNDA:4,_RINvMs5_NtCsjnu45o9P2Z5_12easyhttpmock4mockNtB6_14RequestBuilder6headerReEB8_
FNDA:1,_RINvNtCsjnu45o9P2Z5_12easyhttpmock4mock5givenINtNtCslNYArtu3iFV_5alloc4sync3ArcDINtCs3zLoKIa77Cs_8caramelo12TypedMatcherNtB2_7RequestENtNtCsgEmfK2I1SDS_4core6marker4SyncNtB2a_4SendEL_EEB4_
FNDA:2,_RNCNCNCNvMs6_NtCsjnu45o9P2Z5_12easyhttpmock4mockNtBb_7Request10from_parts000Bd_
FNDA:3,_RNCNCNvMs6_NtCsjnu45o9P2Z5_12easyhttpmock4mockNtB9_7Request10from_parts00Bb_
FNDA:1,_RNCNvMs6_NtCsjnu45o9P2Z5_12easyhttpmock4mockNtB7_7Request10from_parts0B9_
FNDA:1,_RNvMNtCsjnu45o9P2Z5_12easyhttpmock4mockNtB2_9MockState3newB4_
FNDA:2,_RNvMNtCsjnu45o9P2Z5_12easyhttpmock4mockNtB2_9MockState5innerB4_
FNDA:1,_RNvMs0_NtCsjnu45o9P2Z5_12easyhttpmock4mockNtB5_11RequestMock11will_returnB7_
FNDA:1,_RNvMs0_NtCsjnu45o9P2Z5_12easyhttpmock4mockNtB5_11RequestMock7matcherB7_
FNDA:3,_RNvMs0_NtCsjnu45o9P2Z5_12easyhttpmock4mockNtB5_11RequestMock7respondB7_
FNDA:1,_RNvMs5_NtCsjnu45o9P2Z5_12easyhttpmock4mockNtB5_14RequestBuilder12query_params
FNDA:1,_RNvMs5_NtCsjnu45o9P2Z5_12easyhttpmock4mockNtB5_14RequestBuilder3uri
FNDA:1,_RNvMs5_NtCsjnu45o9P2Z5_12easyhttpmock4mockNtB5_14RequestBuilder4body
FNDA:30,_RNvMs5_NtCsjnu45o9P2Z5_12easyhttpmock4mockNtB5_14RequestBuilder5empty
FNDA:2,_RNvMs5_NtCsjnu45o9P2Z5_12easyhttpmock4mockNtB5_14RequestBuilder6method
FNDA:2,_RNvMs5_NtCsjnu45o9P2Z5_12easyhttpmock4mockNtB5_14RequestBuilder7version
FNDA:1,_RNvMs6_NtCsjnu45o9P2Z5_12easyhttpmock4mockNtB5_7Request10from_partsB7_
FNDA:2,_RNvMs6_NtCsjnu45o9P2Z5_12easyhttpmock4mockNtB5_7Request12query_paramsB7_
FNDA:13,_RNvMs6_NtCsjnu45o9P2Z5_12easyhttpmock4mockNtB5_7Request3get
FNDA:2,_RNvMs6_NtCsjnu45o9P2Z5_12easyhttpmock4mockNtB5_7Request3put
FNDA:3,_RNvMs6_NtCsjnu45o9P2Z5_12easyhttpmock4mockNtB5_7Request4bodyB7_
FNDA:1,_RNvMs6_NtCsjnu45o9P2Z5_12easyhttpmock4mockNtB5_7Request4head
FNDA:7,_RNvMs6_NtCsjnu45o9P2Z5_12easyhttpmock4mockNtB5_7Request4pathB7_
FNDA:5,_RNvMs6_NtCsjnu45o9P2Z5_12easyhttpmock4mockNtB5_7Request4post
FNDA:2,_RNvMs6_NtCsjnu45o9P2Z5_12easyhttpmock4mockNtB5_7Request5patch
FNDA:2,_RNvMs6_NtCsjnu45o9P2Z5_12easyhttpmock4mockNtB5_7Request5trace
FNDA:2,_RNvMs6_NtCsjnu45o9P2Z5_12easyhttpmock4mockNtB5_7Request6delete
FNDA:25,_RNvMs6_NtCsjnu45o9P2Z5_12easyhttpmock4mockNtB5_7Request6methodB7_
FNDA:31,_RNvMs6_NtCsjnu45o9P2Z5_12easyhttpmock4mockNtB5_7Request7builder
FNDA:2,_RNvMs6_NtCsjnu45o9P2Z5_12easyhttpmock4mockNtB5_7Request7connect
FNDA:6,_RNvMs6_NtCsjnu45o9P2Z5_12easyhttpmock4mockNtB5_7Request7headersB7_
FNDA:2,_RNvMs6_NtCsjnu45o9P2Z5_12easyhttpmock4mockNtB5_7Request7options
FNDA:11,_RNvMs6_NtCsjnu45o9P2Z5_12easyhttpmock4mockNtB5_7Request7versionB7_
FNDA:1,_RNvMs7_NtCsjnu45o9P2Z5_12easyhttpmock4mockNtB5_14RespondBuilder11with_headerB7_
FNDA:1,_RNvMs7_NtCsjnu45o9P2Z5_12easyhttpmock4mockNtB5_14RespondBuilder11with_statusB7_
FNDA:1,_RNvMs7_NtCsjnu45o9P2Z5_12easyhttpmock4mockNtB5_14RespondBuilder12with_headersB7_
FNDA:1,_RNvMs7_NtCsjnu45o9P2Z5_12easyhttpmock4mockNtB5_14RespondBuilder5emptyB7_
FNDA:2,_RNvMs7_NtCsjnu45o9P2Z5_12easyhttpmock4mockNtB5_14RespondBuilder7no_bodyB7_
FNDA:2,_RNvMs7_NtCsjnu45o9P2Z5_12easyhttpmock4mockNtB5_14RespondBuilder9with_bodyB7_
FNDA:2,_RNvMs8_NtCsjnu45o9P2Z5_12easyhttpmock4mockNtB5_7Respond11status_codeB7_
FNDA:3,_RNvMs8_NtCsjnu45o9P2Z5_12easyhttpmock4mockNtB5_7Respond4bodyB7_
FNDA:2,_RNvMs8_NtCsjnu45o9P2Z5_12easyhttpmock4mockNtB5_7Respond7builderB7_
FNDA:3,_RNvMs8_NtCsjnu45o9P2Z5_12easyhttpmock4mockNtB5_7Respond7headersB7_
FNDA:1,_RNvMs_NtCsjnu45o9P2Z5_12easyhttpmock4mockNtB4_4Mock2ofB6_
FNDA:3,_RNvMs_NtCsjnu45o9P2Z5_12easyhttpmock4mockNtB4_4Mock7requestB6_
FNDA:2,_RNvXs4_NtCsjnu45o9P2Z5_12easyhttpmock4mockNtNtCs1kLSPFWlSy3_4http6status10StatusCodeNtB5_13StatusCodeExt7respond
FNDA:1,_RINvYINtNtCslNYArtu3iFV_5alloc4sync3ArcDINtCs3zLoKIa77Cs_8caramelo12TypedMatcherNtNtCsjnu45o9P2Z5_12easyhttpmock4mock7RequestENtNtCsgEmfK2I1SDS_4core6marker4SyncNtB22_4SendEL_EINtB1i_15AsyncMatcherExtB1g_E2orB3_EB1k_
FNDA:1,_RINvYINtNtCslNYArtu3iFV_5alloc4sync3ArcDINtCs3zLoKIa77Cs_8caramelo12TypedMatcherNtNtCsjnu45o9P2Z5_12easyhttpmock4mock7RequestENtNtCsgEmfK2I1SDS_4core6marker4SyncNtB22_4SendEL_EINtB1i_15AsyncMatcherExtB1g_E3andB3_EB1k_
FNDA:10,_RNvXs1_NtCsjnu45o9P2Z5_12easyhttpmock4mockINtNtCslNYArtu3iFV_5alloc4sync3ArcDINtCs3zLoKIa77Cs_8caramelo12TypedMatcherNtB5_7RequestENtNtCsgEmfK2I1SDS_4core6marker4SyncNtB27_4SendEL_EINtB1g_7MatcherB1R_E11description
FNDA:24,_RNvXs1_NtCsjnu45o9P2Z5_12easyhttpmock4mockINtNtCslNYArtu3iFV_5alloc4sync3ArcDINtCs3zLoKIa77Cs_8caramelo12TypedMatcherNtB5_7RequestENtNtCsgEmfK2I1SDS_4core6marker4SyncNtB27_4SendEL_EINtB1g_7MatcherB1R_E7matches
FNDA:14,_RNvXs2_NtCsjnu45o9P2Z5_12easyhttpmock4mockINtNtCslNYArtu3iFV_5alloc4sync3ArcDINtCs3zLoKIa77Cs_8caramelo12TypedMatcherNtB5_7RequestENtNtCsgEmfK2I1SDS_4core6marker4SyncNtB27_4SendEL_EIB1e_B1R_E12matcher_type
FNDA:0,_RINvMNtCsjnu45o9P2Z5_12easyhttpmock4mockNtB3_9MockState6use_onpEB5_
FNDA:0,_RNCINvMNtCsjnu45o9P2Z5_12easyhttpmock4mockNtB5_9MockState6use_onpE0B7_
FNF:53
FNH:51
DA:18,1
DA:19,1
DA:20,1
DA:24,2
DA:25,2
DA:26,2
DA:29,0
DA:30,0
DA:31,0
DA:32,0
DA:33,0
DA:34,0
DA:35,0
DA:37,0
DA:38,0
DA:49,1
DA:50,1
DA:51,1
DA:55,3
DA:56,3
DA:57,3
DA:62,1
DA:63,1
DA:64,1
DA:75,1
DA:76,1
DA:77,1
DA:81,3
DA:82,3
DA:83,3
DA:84,3
DA:88,1
DA:89,1
DA:90,1
DA:91,1
DA:95,24
DA:96,24
DA:97,24
DA:98,24
DA:100,10
DA:101,10
DA:102,10
DA:103,10
DA:107,14
DA:108,14
DA:109,14
DA:110,14
DA:118,1
DA:119,1
DA:120,1
DA:121,1
DA:123,1
DA:124,1
DA:127,1
DA:128,1
DA:129,1
DA:130,1
DA:132,1
DA:133,1
DA:152,2
DA:153,2
DA:154,2
DA:170,1
DA:171,1
DA:172,1
DA:175,1
DA:176,1
DA:177,1
DA:180,2
DA:181,2
DA:182,2
DA:185,2
DA:186,2
DA:187,2
DA:190,5
DA:191,5
DA:192,5
DA:194,5
DA:195,5
DA:196,5
DA:197,5
DA:198,5
DA:199,5
DA:201,5
DA:202,5
DA:205,30
DA:206,30
DA:207,30
DA:208,30
DA:209,30
DA:210,30
DA:211,30
DA:212,30
DA:213,30
DA:214,30
DA:217,1
DA:218,1
DA:219,1
DA:220,1
DA:221,1
DA:222,1
DA:223,1
DA:224,1
DA:225,1
DA:226,1
DA:243,1
DA:244,1
DA:245,1
DA:246,1
DA:247,1
DA:248,1
DA:249,3
DA:250,3
DA:251,3
DA:252,3
DA:253,1
DA:254,1
DA:256,1
DA:257,1
DA:258,1
DA:259,1
DA:260,1
DA:261,1
DA:262,1
DA:263,1
DA:264,1
DA:266,31
DA:267,31
DA:268,31
DA:269,31
DA:270,31
DA:271,31
DA:272,31
DA:273,31
DA:274,31
DA:275,31
DA:278,13
DA:279,13
DA:280,13
DA:283,5
DA:284,5
DA:285,5
DA:288,2
DA:289,2
DA:290,2
DA:293,2
DA:294,2
DA:295,2
DA:298,2
DA:299,2
DA:300,2
DA:303,1
DA:304,1
DA:305,1
DA:308,2
DA:309,2
DA:310,2
DA:313,2
DA:314,2
DA:315,2
DA:318,2
DA:319,2
DA:320,2
DA:324,7
DA:325,7
DA:326,7
DA:330,25
DA:331,25
DA:332,25
DA:336,6
DA:337,6
DA:338,6
DA:342,11
DA:343,11
DA:344,11
DA:348,2
DA:349,2
DA:350,2
DA:354,3
DA:355,3
DA:356,3
DA:367,1
DA:368,1
DA:369,1
DA:370,1
DA:374,1
DA:375,1
DA:376,1
DA:377,1
DA:378,1
DA:382,1
DA:383,2
DA:384,2
DA:385,2
DA:386,2
DA:387,1
DA:388,1
DA:392,1
DA:393,1
DA:394,1
DA:398,2
DA:399,2
DA:400,2
DA:404,2
DA:405,2
DA:406,2
DA:407,2
DA:408,2
DA:409,2
DA:410,2
DA:425,2
DA:426,2
DA:427,2
DA:431,2
DA:432,2
DA:433,2
DA:437,3
DA:438,3
DA:439,3
DA:443,3
DA:444,3
DA:445,3
BRF:0
BRH:0
LF:226
LH:216
end_of_record
SF:/home/rogerio/Projetos/rust/easyhttpmock/easyhttpmock/src/server.rs
FN:106,_RNCNvNtCsjnu45o9P2Z5_12easyhttpmock6server20generate_randon_port0B5_
FN:105,_RNvNtCsjnu45o9P2Z5_12easyhttpmock6server20generate_randon_port
FN:96,_RNvYpINtNtCsjnu45o9P2Z5_12easyhttpmock6server13PortGeneratorpE11random_portB8_
FNDA:0,_RNCNvNtCsjnu45o9P2Z5_12easyhttpmock6server20generate_randon_port0B5_
FNDA:0,_RNvNtCsjnu45o9P2Z5_12easyhttpmock6server20generate_randon_port
FNDA:0,_RNvYpINtNtCsjnu45o9P2Z5_12easyhttpmock6server13PortGeneratorpE11random_portB8_
FNF:3
FNH:0
DA:96,0
DA:97,0
DA:98,0
DA:105,0
DA:106,0
DA:108,0
DA:109,0
DA:110,0
DA:111,0
DA:112,0
DA:113,0
DA:114,0
DA:115,0
DA:117,0
DA:119,0
BRF:0
BRH:0
LF:16
LH:0
end_of_record
